0 info it worked if it ends with ok
1 verbose cli [ '/Users/nico/.nvm/v0.10.38/bin/node',
1 verbose cli   '/Users/nico/.nvm/v0.10.38/bin/npm',
1 verbose cli   'uninstall',
1 verbose cli   'gagarin',
1 verbose cli   '-g' ]
2 info using npm@1.4.28
3 info using node@v0.10.38
4 verbose lib/node_modules/gagarin unbuild
5 info preuninstall gagarin@0.4.12
6 info uninstall gagarin@0.4.12
7 verbose true,/Users/nico/.nvm/v0.10.38/lib/node_modules,/Users/nico/.nvm/v0.10.38/lib/node_modules unbuild gagarin@0.4.12
8 verbose /Users/nico/.nvm/v0.10.38/bin,[object Object] binRoot
9 info postuninstall gagarin@0.4.12
10 error Error: EACCES, unlink '/Users/nico/.nvm/v0.10.38/lib/node_modules/gagarin/.npmignore'
10 error  { [Error: EACCES, unlink '/Users/nico/.nvm/v0.10.38/lib/node_modules/gagarin/.npmignore']
10 error   errno: 3,
10 error   code: 'EACCES',
10 error   path: '/Users/nico/.nvm/v0.10.38/lib/node_modules/gagarin/.npmignore' }
11 error Please try running this command again as root/Administrator.
12 error System Darwin 17.7.0
13 error command "/Users/nico/.nvm/v0.10.38/bin/node" "/Users/nico/.nvm/v0.10.38/bin/npm" "uninstall" "gagarin" "-g"
14 error cwd /Users/nico/Documents/projekte/doichain/doichain-dapp
15 error node -v v0.10.38
16 error npm -v 1.4.28
17 error path /Users/nico/.nvm/v0.10.38/lib/node_modules/gagarin/.npmignore
18 error code EACCES
19 error errno 3
20 error stack Error: EACCES, unlink '/Users/nico/.nvm/v0.10.38/lib/node_modules/gagarin/.npmignore'
21 verbose exit [ 3, true ]
